<?xml version="1.0" encoding="UTF-8"?>
<testsuite xmlns:xsi="http://www.w3.org/2001/XMLSchema-instance" xsi:schemaLocation="https://maven.apache.org/surefire/maven-surefire-plugin/xsd/surefire-test-report.xsd" name="edu.purdue.sigbots.ros.cli.management.PROSActionsTest" time="0.566" tests="23" errors="0" skipped="0" failures="0">
  <properties>
    <property name="idea.version" value="15.0.3"/>
    <property name="java.runtime.name" value="Java(TM) SE Runtime Environment"/>
    <property name="sun.boot.library.path" value="C:\Program Files\Java\jdk1.8.0_66\jre\bin"/>
    <property name="java.vm.version" value="25.66-b18"/>
    <property name="java.vm.vendor" value="Oracle Corporation"/>
    <property name="java.vendor.url" value="http://java.oracle.com/"/>
    <property name="path.separator" value=";"/>
    <property name="guice.disable.misplaced.annotation.check" value="true"/>
    <property name="java.vm.name" value="Java HotSpot(TM) 64-Bit Server VM"/>
    <property name="file.encoding.pkg" value="sun.io"/>
    <property name="idea.launcher.port" value="7534"/>
    <property name="user.script" value=""/>
    <property name="user.country" value="US"/>
    <property name="sun.java.launcher" value="SUN_STANDARD"/>
    <property name="sun.os.patch.level" value=""/>
    <property name="java.vm.specification.name" value="Java Virtual Machine Specification"/>
    <property name="user.dir" value="C:\Users\Elliot\OneDrive\pros\purdueros-cli"/>
    <property name="java.runtime.version" value="1.8.0_66-b18"/>
    <property name="java.awt.graphicsenv" value="sun.awt.Win32GraphicsEnvironment"/>
    <property name="java.endorsed.dirs" value="C:\Program Files\Java\jdk1.8.0_66\jre\lib\endorsed"/>
    <property name="os.arch" value="amd64"/>
    <property name="java.io.tmpdir" value="C:\Users\Elliot\AppData\Local\Temp\"/>
    <property name="line.separator" value="&#10;"/>
    <property name="java.vm.specification.vendor" value="Oracle Corporation"/>
    <property name="user.variant" value=""/>
    <property name="os.name" value="Windows 10"/>
    <property name="classworlds.conf" value="C:\Program Files (x86)\JetBrains\IntelliJ IDEA Community Edition 15.0.2\plugins\maven\lib\maven3\bin\m2.conf"/>
    <property name="sun.jnu.encoding" value="Cp1252"/>
    <property name="java.library.path" value="C:\Program Files\Java\jdk1.8.0_66\bin;C:\WINDOWS\Sun\Java\bin;C:\WINDOWS\system32;C:\WINDOWS;C:\Program Files (x86)\Pololu\Maestro\bin;C:\Program Files (x86)\NVIDIA Corporation\PhysX\Common;C:\ProgramData\Oracle\Java\javapath;C:\WINDOWS\system32;C:\WINDOWS;C:\WINDOWS\System32\Wbem;C:\WINDOWS\System32\WindowsPowerShell\v1.0\;C:\Program Files\PROS\pros-toolchain\bin;C:\dev\php;C:\Users\Elliot\AppData\Local\atom\bin;C:\Program Files (x86)\Nmap;C:\Program Files\PROS\cli;%PROS_TOOLCHAIN%\bin;C:\Program Files\doxygen\bin;C:\Program Files\nodejs\;C:\ProgramData\ComposerSetup\bin;C:\Program Files\Git\cmd;C:\Program Files\Git\mingw64\bin;C:\Program Files\Git\usr\bin;C:\dev\uncrustify-0.62.0-g5987f22-win32;C:\Program Files (x86)\NVIDIA Corporation\PhysX\Common;C:\ProgramData\Oracle\Java\javapath;C:\WINDOWS\system32;C:\WINDOWS;C:\WINDOWS\System32\Wbem;C:\WINDOWS\System32\WindowsPowerShell\v1.0\;C:\Program Files\Git\cmd;C:\Program Files\Git\mingw64\bin;C:\Program Files\Git\usr\bin;C:\Program Files\PROS\cli;C:\Program Files\PROS\pros-toolchain\bin;C:\dev\php;C:\Users\Elliot\AppData\Local\atom\bin;C:\Program Files (x86)\Nmap;C:\Program Files (x86)\NVIDIA Corporation\PhysX\Common;C:\ProgramData\Oracle\Java\javapath;C:\WINDOWS\system32;C:\WINDOWS;C:\WINDOWS\System32\Wbem;C:\WINDOWS\System32\WindowsPowerShell\v1.0\;C:\Program Files\Git\cmd;C:\Program Files\Git\mingw64\bin;C:\Program Files\Git\usr\bin;C:\Users\Elliot\OneDrive\pros\purdueros-cli\out\artifacts\purdueros_cli_jar;C:\Program Files\PROS\cli;C:\Program Files\PROS\pros-toolchain\bin;C:\dev\php;C:\Users\Elliot\AppData\Local\atom\bin;C:\Program Files (x86)\Nmap;C:\Program Files\PROS\arcanist\bin;&quot;C:\Program Files\Cppcheck&quot;;."/>
    <property name="java.specification.name" value="Java Platform API Specification"/>
    <property name="java.class.version" value="52.0"/>
    <property name="sun.management.compiler" value="HotSpot 64-Bit Tiered Compilers"/>
    <property name="os.version" value="10.0"/>
    <property name="user.home" value="C:\Users\Elliot"/>
    <property name="user.timezone" value="America/Indianapolis"/>
    <property name="java.awt.printerjob" value="sun.awt.windows.WPrinterJob"/>
    <property name="java.specification.version" value="1.8"/>
    <property name="idea.launcher.bin.path" value="C:\Program Files (x86)\JetBrains\IntelliJ IDEA Community Edition 15.0.2\bin"/>
    <property name="file.encoding" value="UTF-8"/>
    <property name="user.name" value="Elliot"/>
    <property name="java.class.path" value="C:\Program Files (x86)\JetBrains\IntelliJ IDEA Community Edition 15.0.2\plugins\maven\lib\maven3\boot\plexus-classworlds-2.4.jar;C:\Program Files (x86)\JetBrains\IntelliJ IDEA Community Edition 15.0.2\lib\idea_rt.jar"/>
    <property name="java.vm.specification.version" value="1.8"/>
    <property name="sun.arch.data.model" value="64"/>
    <property name="java.home" value="C:\Program Files\Java\jdk1.8.0_66\jre"/>
    <property name="sun.java.command" value="com.intellij.rt.execution.application.AppMain org.codehaus.classworlds.Launcher -Didea.version=15.0.3 package"/>
    <property name="java.specification.vendor" value="Oracle Corporation"/>
    <property name="user.language" value="en"/>
    <property name="awt.toolkit" value="sun.awt.windows.WToolkit"/>
    <property name="java.vm.info" value="mixed mode"/>
    <property name="java.version" value="1.8.0_66"/>
    <property name="java.ext.dirs" value="C:\Program Files\Java\jdk1.8.0_66\jre\lib\ext;C:\WINDOWS\Sun\Java\lib\ext"/>
    <property name="sun.boot.class.path" value="C:\Program Files\Java\jdk1.8.0_66\jre\lib\resources.jar;C:\Program Files\Java\jdk1.8.0_66\jre\lib\rt.jar;C:\Program Files\Java\jdk1.8.0_66\jre\lib\sunrsasign.jar;C:\Program Files\Java\jdk1.8.0_66\jre\lib\jsse.jar;C:\Program Files\Java\jdk1.8.0_66\jre\lib\jce.jar;C:\Program Files\Java\jdk1.8.0_66\jre\lib\charsets.jar;C:\Program Files\Java\jdk1.8.0_66\jre\lib\jfr.jar;C:\Program Files\Java\jdk1.8.0_66\jre\classes"/>
    <property name="java.vendor" value="Oracle Corporation"/>
    <property name="maven.home" value="C:\Program Files (x86)\JetBrains\IntelliJ IDEA Community Edition 15.0.2\plugins\maven\lib\maven3"/>
    <property name="file.separator" value="\"/>
    <property name="java.vendor.url.bug" value="http://bugreport.sun.com/bugreport/"/>
    <property name="sun.cpu.endian" value="little"/>
    <property name="sun.io.unicode.encoding" value="UnicodeLittle"/>
    <property name="sun.desktop" value="windows"/>
    <property name="sun.cpu.isalist" value="amd64"/>
  </properties>
  <testcase name="testGetAllKernels" classname="edu.purdue.sigbots.ros.cli.management.PROSActionsTest" time="0.015"/>
  <testcase name="testCreateLoader" classname="edu.purdue.sigbots.ros.cli.management.PROSActionsTest" time="0"/>
  <testcase name="testSetLocalKernelRepository1" classname="edu.purdue.sigbots.ros.cli.management.PROSActionsTest" time="0"/>
  <testcase name="testGetLocalRepositoryPath" classname="edu.purdue.sigbots.ros.cli.management.PROSActionsTest" time="0.352"/>
  <testcase name="testGetAllKernels1" classname="edu.purdue.sigbots.ros.cli.management.PROSActionsTest" time="0"/>
  <testcase name="testCreateProject1" classname="edu.purdue.sigbots.ros.cli.management.PROSActionsTest" time="0"/>
  <testcase name="testListEnvironments1" classname="edu.purdue.sigbots.ros.cli.management.PROSActionsTest" time="0"/>
  <testcase name="testListEnvironments" classname="edu.purdue.sigbots.ros.cli.management.PROSActionsTest" time="0"/>
  <testcase name="testDownloadKernel" classname="edu.purdue.sigbots.ros.cli.management.PROSActionsTest" time="0.001"/>
  <testcase name="testCreateProject" classname="edu.purdue.sigbots.ros.cli.management.PROSActionsTest" time="0"/>
  <testcase name="testFindKernelDirectory" classname="edu.purdue.sigbots.ros.cli.management.PROSActionsTest" time="0.001"/>
  <testcase name="testSetLocalKernelRepository" classname="edu.purdue.sigbots.ros.cli.management.PROSActionsTest" time="0"/>
  <testcase name="testDeleteKernel" classname="edu.purdue.sigbots.ros.cli.management.PROSActionsTest" time="0.001"/>
  <testcase name="testGetAllKernelsForce" classname="edu.purdue.sigbots.ros.cli.management.PROSActionsTest" time="0.001"/>
  <testcase name="testResolveKernelLocalRequest" classname="edu.purdue.sigbots.ros.cli.management.PROSActionsTest" time="0.001"/>
  <testcase name="testDeleteKernel1" classname="edu.purdue.sigbots.ros.cli.management.PROSActionsTest" time="0.002"/>
  <testcase name="testSuggestUpdateSite" classname="edu.purdue.sigbots.ros.cli.management.PROSActionsTest" time="0"/>
  <testcase name="testResolveKernelUpdateRequest" classname="edu.purdue.sigbots.ros.cli.management.PROSActionsTest" time="0"/>
  <testcase name="testGetUpdateSite" classname="edu.purdue.sigbots.ros.cli.management.PROSActionsTest" time="0.001"/>
  <testcase name="testUpgradeProject1" classname="edu.purdue.sigbots.ros.cli.management.PROSActionsTest" time="0"/>
  <testcase name="testUpgradeProject" classname="edu.purdue.sigbots.ros.cli.management.PROSActionsTest" time="0"/>
  <testcase name="testSetUpdateSite" classname="edu.purdue.sigbots.ros.cli.management.PROSActionsTest" time="0.041"/>
  <testcase name="testSuggestLocalKernelRepository" classname="edu.purdue.sigbots.ros.cli.management.PROSActionsTest" time="0.001"/>
</testsuite>